<?xml version="1.0" encoding="UTF-8"?>
<!-- Generated by org.testng.reporters.JUnitReportReporter -->
<testsuite hostname="LAPTOP-IO7O6G3K" failures="0" tests="1" name="test.KiteLoginTest" time="13.112" errors="0" timestamp="2023-04-20T21:15:13 IST" skipped="0">
  <testcase classname="test.KiteLoginTest" name="verifyIfUserIsAbleToLoginKite" time="13.112"/>
  <system-out/>
</testsuite> <!-- test.KiteLoginTest -->
